This is pdfTeX, Version 3.14159265-2.6-1.40.16 (MiKTeX 2.9 64-bit) (preloaded format=pdflatex 2016.4.19)  12 DEC 2016 08:05
entering extended mode
**./template.tex
(template.tex
LaTeX2e <2015/10/01> patch level 2
Babel <3.9m> and hyphenation patterns for 0 languages loaded.

LaTeX Warning: File `example.eps' already exists on the system.
               Not generating it from this source.

("C:\Users\Kong\AppData\Local\Programs\MiKTeX 2.9\tex\latex\base\fix-cm.sty"
Package: fix-cm 2015/01/14 v1.1t fixes to LaTeX

("C:\Users\Kong\AppData\Local\Programs\MiKTeX 2.9\tex\latex\base\ts1enc.def"
File: ts1enc.def 2001/06/05 v3.0e (jk/car/fm) Standard LaTeX file
))
(svjour3.cls
Document Class: svjour3 2007/05/08 v3.2 
LaTeX document class for Springer journals
("C:\Users\Kong\AppData\Local\Programs\MiKTeX 2.9\tex\latex\base\fleqn.clo"
File: fleqn.clo 2015/03/31 v1.1i Standard LaTeX option (flush left equations)
\mathindent=\dimen102
Applying: [2015/01/01] Make \[ robust on input line 50.
LaTeX Info: Redefining \[ on input line 51.
Already applied: [0000/00/00] Make \[ robust on input line 62.
Applying: [2015/01/01] Make \] robust on input line 74.
LaTeX Info: Redefining \] on input line 75.
Already applied: [0000/00/00] Make \] robust on input line 83.
)
Class Springer-SVJour3 Info: extra/valid Springer sub-package (-> *.clo) 
(Springer-SVJour3)           not found in option list of \documentclass
(Springer-SVJour3)           - autoactivating "global" style.

(svglov3.clo
File: svglov3.clo 2009/12/18 v3.2 style option for standardised journals

SVJour Class option: svglov3.clo for standardised journals
)
LaTeX Font Info:    Redeclaring math symbol \Gamma on input line 147.
LaTeX Font Info:    Redeclaring math symbol \Delta on input line 148.
LaTeX Font Info:    Redeclaring math symbol \Theta on input line 149.
LaTeX Font Info:    Redeclaring math symbol \Lambda on input line 150.
LaTeX Font Info:    Redeclaring math symbol \Xi on input line 151.
LaTeX Font Info:    Redeclaring math symbol \Pi on input line 152.
LaTeX Font Info:    Redeclaring math symbol \Sigma on input line 153.
LaTeX Font Info:    Redeclaring math symbol \Upsilon on input line 154.
LaTeX Font Info:    Redeclaring math symbol \Phi on input line 155.
LaTeX Font Info:    Redeclaring math symbol \Psi on input line 156.
LaTeX Font Info:    Redeclaring math symbol \Omega on input line 157.
\logodepth=\dimen103
\headerboxheight=\dimen104
\betweenumberspace=\dimen105
\aftertext=\dimen106
\headlineindent=\dimen107
\c@inst=\count79
\c@auth=\count80
\instindent=\dimen108
\authrun=\box26
\authorrunning=\toks14
\titrun=\box27
\titlerunning=\toks15
\combirun=\box28
\c@lastpage=\count81
\rubricwidth=\dimen109
\c@section=\count82
\c@subsection=\count83
\c@subsubsection=\count84
\c@paragraph=\count85
\c@subparagraph=\count86
\spthmsep=\dimen110
\c@theorem=\count87
\c@case=\count88
\c@conjecture=\count89
\c@corollary=\count90
\c@definition=\count91
\c@example=\count92
\c@exercise=\count93
\c@lemma=\count94
\c@note=\count95
\c@problem=\count96
\c@property=\count97
\c@proposition=\count98
\c@question=\count99
\c@solution=\count100
\c@remark=\count101
\c@figure=\count102
\c@table=\count103
\abovecaptionskip=\skip41
\belowcaptionskip=\skip42
\figcapgap=\dimen111
\tabcapgap=\dimen112
\figgap=\dimen113
\bibindent=\dimen114
\@tempcntc=\count104
)
("C:\Users\Kong\AppData\Local\Programs\MiKTeX 2.9\tex\latex\graphics\graphicx.s
ty"
Package: graphicx 2014/10/28 v1.0g Enhanced LaTeX Graphics (DPC,SPQR)

("C:\Users\Kong\AppData\Local\Programs\MiKTeX 2.9\tex\latex\graphics\keyval.sty
"
Package: keyval 2014/10/28 v1.15 key=value parser (DPC)
\KV@toks@=\toks16
)
("C:\Users\Kong\AppData\Local\Programs\MiKTeX 2.9\tex\latex\graphics\graphics.s
ty"
Package: graphics 2014/10/28 v1.0p Standard LaTeX Graphics (DPC,SPQR)

("C:\Users\Kong\AppData\Local\Programs\MiKTeX 2.9\tex\latex\graphics\trig.sty"
Package: trig 1999/03/16 v1.09 sin cos tan (DPC)
)
("C:\Users\Kong\AppData\Local\Programs\MiKTeX 2.9\tex\latex\00miktex\graphics.c
fg"
File: graphics.cfg 2007/01/18 v1.5 graphics configuration of teTeX/TeXLive
)
Package graphics Info: Driver file: pdftex.def on input line 94.

("C:\Users\Kong\AppData\Local\Programs\MiKTeX 2.9\tex\latex\pdftex-def\pdftex.d
ef"
File: pdftex.def 2011/05/27 v0.06d Graphics/color for pdfTeX

("C:\Users\Kong\AppData\Local\Programs\MiKTeX 2.9\tex\generic\oberdiek\infwarer
r.sty"
Package: infwarerr 2010/04/08 v1.3 Providing info/warning/error messages (HO)
)
("C:\Users\Kong\AppData\Local\Programs\MiKTeX 2.9\tex\generic\oberdiek\ltxcmds.
sty"
Package: ltxcmds 2011/11/09 v1.22 LaTeX kernel commands for general use (HO)
)
\Gread@gobject=\count105
))
\Gin@req@height=\dimen115
\Gin@req@width=\dimen116
)
("C:\Users\Kong\AppData\Local\Programs\MiKTeX 2.9\tex\latex\tools\longtable.sty
"
Package: longtable 2014/10/28 v4.11 Multi-page Table package (DPC)
\LTleft=\skip43
\LTright=\skip44
\LTpre=\skip45
\LTpost=\skip46
\LTchunksize=\count106
\LTcapwidth=\dimen117
\LT@head=\box29
\LT@firsthead=\box30
\LT@foot=\box31
\LT@lastfoot=\box32
\LT@cols=\count107
\LT@rows=\count108
\c@LT@tables=\count109
\c@LT@chunks=\count110
\LT@p@ftn=\toks17
)
("C:\Users\Kong\AppData\Local\Programs\MiKTeX 2.9\tex\latex\graphics\lscape.sty
"
Package: lscape 2000/10/22 v3.01 Landscape Pages (DPC)
) ("C:\Users\Kong\AppData\Local\Programs\MiKTeX 2.9\tex\latex\was\gensymb.sty"
Package: gensymb 2003/07/02 v1.0 (WaS)
)
("C:\Users\Kong\AppData\Local\Programs\MiKTeX 2.9\tex\latex\multirow\multirow.s
ty"
\bigstrutjot=\dimen118
)
("C:\Users\Kong\AppData\Local\Programs\MiKTeX 2.9\tex\latex\oberdiek\epstopdf.s
ty"
Package: epstopdf 2010/02/09 v2.5 Conversion with epstopdf on the fly (HO)

("C:\Users\Kong\AppData\Local\Programs\MiKTeX 2.9\tex\latex\oberdiek\epstopdf-b
ase.sty"
Package: epstopdf-base 2010/02/09 v2.5 Base part for package epstopdf

("C:\Users\Kong\AppData\Local\Programs\MiKTeX 2.9\tex\latex\oberdiek\grfext.sty
"
Package: grfext 2010/08/19 v1.1 Manage graphics extensions (HO)

("C:\Users\Kong\AppData\Local\Programs\MiKTeX 2.9\tex\generic\oberdiek\kvdefine
keys.sty"
Package: kvdefinekeys 2011/04/07 v1.3 Define keys (HO)
))
("C:\Users\Kong\AppData\Local\Programs\MiKTeX 2.9\tex\latex\oberdiek\kvoptions.
sty"
Package: kvoptions 2011/06/30 v3.11 Key value format for package options (HO)

("C:\Users\Kong\AppData\Local\Programs\MiKTeX 2.9\tex\generic\oberdiek\kvsetkey
s.sty"
Package: kvsetkeys 2012/04/25 v1.16 Key value parser (HO)

("C:\Users\Kong\AppData\Local\Programs\MiKTeX 2.9\tex\generic\oberdiek\etexcmds
.sty"
Package: etexcmds 2011/02/16 v1.5 Avoid name clashes with e-TeX commands (HO)

("C:\Users\Kong\AppData\Local\Programs\MiKTeX 2.9\tex\generic\oberdiek\ifluatex
.sty"
Package: ifluatex 2010/03/01 v1.3 Provides the ifluatex switch (HO)
Package ifluatex Info: LuaTeX not detected.
)
Package etexcmds Info: Could not find \expanded.
(etexcmds)             That can mean that you are not using pdfTeX 1.50 or
(etexcmds)             that some package has redefined \expanded.
(etexcmds)             In the latter case, load this package earlier.
)))
("C:\Users\Kong\AppData\Local\Programs\MiKTeX 2.9\tex\generic\oberdiek\pdftexcm
ds.sty"
Package: pdftexcmds 2011/11/29 v0.20 Utility functions of pdfTeX for LuaTeX (HO
)

("C:\Users\Kong\AppData\Local\Programs\MiKTeX 2.9\tex\generic\oberdiek\ifpdf.st
y"
Package: ifpdf 2011/01/30 v2.3 Provides the ifpdf switch (HO)
Package ifpdf Info: pdfTeX in PDF mode is detected.
)
Package pdftexcmds Info: LuaTeX not detected.
Package pdftexcmds Info: \pdf@primitive is available.
Package pdftexcmds Info: \pdf@ifprimitive is available.
Package pdftexcmds Info: \pdfdraftmode found.
)
Package grfext Info: Graphics extension search list:
(grfext)             [.png,.pdf,.jpg,.mps,.jpeg,.jbig2,.jb2,.PNG,.PDF,.JPG,.JPE
G,.JBIG2,.JB2,.eps]
(grfext)             \AppendGraphicsExtensions on input line 452.
))
("C:\Users\Kong\AppData\Local\Programs\MiKTeX 2.9\tex\latex\subfigure\subfigure
.sty"
Package: subfigure 2002/07/30 v2.1.4 subfigure package
\subfigtopskip=\skip47
\subfigcapskip=\skip48
\subfigcaptopadj=\dimen119
\subfigbottomskip=\skip49
\subfigcapmargin=\dimen120
\subfiglabelskip=\skip50
\c@subfigure=\count111
\c@lofdepth=\count112
\c@subtable=\count113
\c@lotdepth=\count114

****************************************
* Local config file subfigure.cfg used *
****************************************

("C:\Users\Kong\AppData\Local\Programs\MiKTeX 2.9\tex\latex\subfigure\subfigure
.cfg")
\subfig@top=\skip51
\subfig@bottom=\skip52
)
("C:\Users\Kong\AppData\Local\Programs\MiKTeX 2.9\tex\latex\amsmath\amsmath.sty
"
Package: amsmath 2013/01/14 v2.14 AMS math features
\@mathmargin=\skip53

For additional information on amsmath, use the `?' option.
("C:\Users\Kong\AppData\Local\Programs\MiKTeX 2.9\tex\latex\amsmath\amstext.sty
"
Package: amstext 2000/06/29 v2.01
 ("C:\Users\Kong\AppData\Local\Programs\MiKTeX 2.9\tex\latex\amsmath\amsgen.sty
"
File: amsgen.sty 1999/11/30 v2.0
\@emptytoks=\toks18
\ex@=\dimen121
))
("C:\Users\Kong\AppData\Local\Programs\MiKTeX 2.9\tex\latex\amsmath\amsbsy.sty"
Package: amsbsy 1999/11/29 v1.2d
\pmbraise@=\dimen122
) ("C:\Users\Kong\AppData\Local\Programs\MiKTeX 2.9\tex\latex\amsmath\amsopn.st
y"
Package: amsopn 1999/12/14 v2.01 operator names
)
\inf@bad=\count115
LaTeX Info: Redefining \frac on input line 210.
\uproot@=\count116
\leftroot@=\count117
LaTeX Info: Redefining \overline on input line 306.
\classnum@=\count118
\DOTSCASE@=\count119
LaTeX Info: Redefining \ldots on input line 378.
LaTeX Info: Redefining \dots on input line 381.
LaTeX Info: Redefining \cdots on input line 466.
\Mathstrutbox@=\box33
\strutbox@=\box34
\big@size=\dimen123
LaTeX Font Info:    Redeclaring font encoding OML on input line 566.
LaTeX Font Info:    Redeclaring font encoding OMS on input line 567.


Package amsmath Warning: Unable to redefine math accent \vec.

\macc@depth=\count120
\c@MaxMatrixCols=\count121
\dotsspace@=\muskip10
\c@parentequation=\count122
\dspbrk@lvl=\count123
\tag@help=\toks19
\row@=\count124
\column@=\count125
\maxfields@=\count126
\andhelp@=\toks20
\eqnshift@=\dimen124
\alignsep@=\dimen125
\tagshift@=\dimen126
\tagwidth@=\dimen127
\totwidth@=\dimen128
\lineht@=\dimen129
\@envbody=\toks21
\multlinegap=\skip54
\multlinetaggap=\skip55
\mathdisplay@stack=\toks22
LaTeX Info: Redefining \[ on input line 2665.
LaTeX Info: Redefining \] on input line 2666.
) ("C:\Users\Kong\AppData\Local\Programs\MiKTeX 2.9\tex\latex\url\url.sty"
\Urlmuskip=\muskip11
Package: url 2013/09/16  ver 3.4  Verb mode for urls, etc.
)
("C:\Users\Kong\AppData\Local\Programs\MiKTeX 2.9\tex\latex\biblatex\biblatex.s
ty"
Package: biblatex 2015/12/22 v3.2 programmable bibliographies (PK/JW/AB)

("C:\Users\Kong\AppData\Local\Programs\MiKTeX 2.9\tex\latex\biblatex\biblatex1.
sty"
Package: biblatex1 2015/12/22 v3.2 programmable bibliographies (bibtex) (PK/JW/
AB)

("C:\Users\Kong\AppData\Local\Programs\MiKTeX 2.9\tex\latex\etoolbox\etoolbox.s
ty"
Package: etoolbox 2015/08/02 v2.2a e-TeX tools for LaTeX (JAW)
\etb@tempcnta=\count127
)
("C:\Users\Kong\AppData\Local\Programs\MiKTeX 2.9\tex\latex\logreq\logreq.sty"
Package: logreq 2010/08/04 v1.0 xml request logger
\lrq@indent=\count128

("C:\Users\Kong\AppData\Local\Programs\MiKTeX 2.9\tex\latex\logreq\logreq.def"
File: logreq.def 2010/08/04 v1.0 logreq spec v1.0
)) ("C:\Users\Kong\AppData\Local\Programs\MiKTeX 2.9\tex\latex\base\ifthen.sty"
Package: ifthen 2014/09/29 v1.1c Standard LaTeX ifthen package (DPC)
)
\c@tabx@nest=\count129
\c@listtotal=\count130
\c@listcount=\count131
\c@liststart=\count132
\c@liststop=\count133
\c@citecount=\count134
\c@citetotal=\count135
\c@multicitecount=\count136
\c@multicitetotal=\count137
\c@instcount=\count138
\c@maxnames=\count139
\c@minnames=\count140
\c@maxitems=\count141
\c@minitems=\count142
\c@citecounter=\count143
\c@savedcitecounter=\count144
\c@uniquelist=\count145
\c@uniquename=\count146
\c@refsection=\count147
\c@refsegment=\count148
\c@maxextrayear=\count149
\c@maxextraalpha=\count150
\c@abbrvpenalty=\count151
\c@highnamepenalty=\count152
\c@lownamepenalty=\count153
\c@maxparens=\count154
\c@parenlevel=\count155
\blx@tempcnta=\count156
\blx@tempcntb=\count157
\blx@tempcntc=\count158
\blx@maxsection=\count159
\blx@maxsegment=\count160
\blx@notetype=\count161
\blx@parenlevel@text=\count162
\blx@parenlevel@foot=\count163
\labelnumberwidth=\skip56
\labelalphawidth=\skip57
\shorthandwidth=\skip58
\biblabelsep=\skip59
\bibitemsep=\skip60
\bibnamesep=\skip61
\bibinitsep=\skip62
\bibparsep=\skip63
\bibhang=\skip64
\blx@auxin=\read1
\blx@auxout=\write3
\c@mincomprange=\count164
\c@maxcomprange=\count165
\c@mincompwidth=\count166
\c@labelname=\count167
\c@savedlabelname=\count168
\c@author=\count169
\c@savedauthor=\count170
\c@shortauthor=\count171
\c@savedshortauthor=\count172
\c@editor=\count173
\c@savededitor=\count174
\c@editora=\count175
\c@savededitora=\count176
\c@editorb=\count177
\c@savededitorb=\count178
\c@editorc=\count179
\c@savededitorc=\count180
\c@shorteditor=\count181
\c@savedshorteditor=\count182
\c@bookauthor=\count183
\c@savedbookauthor=\count184
\c@translator=\count185
\c@savedtranslator=\count186
\c@annotator=\count187
\c@savedannotator=\count188
\c@commentator=\count189
\c@savedcommentator=\count190
\c@introduction=\count191
\c@savedintroduction=\count192
\c@foreword=\count193
\c@savedforeword=\count194
\c@afterword=\count195
\c@savedafterword=\count196
\c@holder=\count197
\c@savedholder=\count198
\c@namea=\count199
\c@savednamea=\count266
\c@nameb=\count267
\c@savednameb=\count268
\c@namec=\count269
\c@savednamec=\count270
\c@institution=\count271
\c@savedinstitution=\count272
\c@language=\count273
\c@savedlanguage=\count274
\c@location=\count275
\c@savedlocation=\count276
\c@organization=\count277
\c@savedorganization=\count278
\c@origlocation=\count279
\c@savedoriglocation=\count280
\c@origpublisher=\count281
\c@savedorigpublisher=\count282
\c@pageref=\count283
\c@savedpageref=\count284
\c@publisher=\count285
\c@savedpublisher=\count286
\c@lista=\count287
\c@savedlista=\count288
\c@listb=\count289
\c@savedlistb=\count290
\c@listc=\count291
\c@savedlistc=\count292
\c@listd=\count293
\c@savedlistd=\count294
\c@liste=\count295
\c@savedliste=\count296
\c@listf=\count297
\c@savedlistf=\count298
Package biblatex Info: Trying to load compatibility code...
Package biblatex Info: ... file 'blx-compat.def' found.

("C:\Users\Kong\AppData\Local\Programs\MiKTeX 2.9\tex\latex\biblatex\blx-compat
.def"
File: blx-compat.def 2015/12/22 v3.2 biblatex compatibility (PK/JW/AB)
)
Package biblatex Info: Trying to load generic definitions...
Package biblatex Info: ... file 'biblatex.def' found.

("C:\Users\Kong\AppData\Local\Programs\MiKTeX 2.9\tex\latex\biblatex\biblatex.d
ef"
File: biblatex.def 
\c@textcitecount=\count299
\c@textcitetotal=\count300
\c@textcitemaxnames=\count301
\c@biburlnumpenalty=\count302
\c@biburlucpenalty=\count303
\c@biburllcpenalty=\count304
\c@smartand=\count305
)
Package biblatex Info: Trying to load bibliography style 'authoryear'...
Package biblatex Info: ... file 'authoryear.bbx' found.

("C:\Users\Kong\AppData\Local\Programs\MiKTeX 2.9\tex\latex\biblatex\bbx\author
year.bbx"
File: authoryear.bbx 2015/12/22 v3.2 biblatex bibliography style (PK/JW/AB)
Package biblatex Info: Trying to load bibliography style 'standard'...
Package biblatex Info: ... file 'standard.bbx' found.

("C:\Users\Kong\AppData\Local\Programs\MiKTeX 2.9\tex\latex\biblatex\bbx\standa
rd.bbx"
File: standard.bbx 2015/12/22 v3.2 biblatex bibliography style (PK/JW/AB)
\c@bbx:relatedcount=\count306
\c@bbx:relatedtotal=\count307
))
Package biblatex Info: Trying to load citation style 'authoryear'...
Package biblatex Info: ... file 'authoryear.cbx' found.

("C:\Users\Kong\AppData\Local\Programs\MiKTeX 2.9\tex\latex\biblatex\cbx\author
year.cbx"
File: authoryear.cbx 2015/12/22 v3.2 biblatex citation style (PK/JW/AB)
Package biblatex Info: Redefining '\cite'.
Package biblatex Info: Redefining '\parencite'.
Package biblatex Info: Redefining '\footcite'.
Package biblatex Info: Redefining '\footcitetext'.
Package biblatex Info: Redefining '\smartcite'.
Package biblatex Info: Redefining '\textcite'.
Package biblatex Info: Redefining '\textcites'.
)
Package biblatex Info: Trying to load configuration file...
Package biblatex Info: ... file 'biblatex.cfg' found.

("C:\Users\Kong\AppData\Local\Programs\MiKTeX 2.9\tex\latex\biblatex\biblatex.c
fg"
File: biblatex.cfg 
)))
Package biblatex Info: Trying to load language 'english'...
Package biblatex Info: ... file 'english.lbx' found.

("C:\Users\Kong\AppData\Local\Programs\MiKTeX 2.9\tex\latex\biblatex\lbx\englis
h.lbx"
File: english.lbx 2015/12/22 v3.2 biblatex localization (PK/JW/AB)
)
\@quotelevel=\count308
\@quotereset=\count309
 (template.aux)
\openout1 = `template.aux'.

LaTeX Font Info:    Checking defaults for OML/cmm/m/it on input line 85.
LaTeX Font Info:    ... okay on input line 85.
LaTeX Font Info:    Checking defaults for T1/cmr/m/n on input line 85.
LaTeX Font Info:    ... okay on input line 85.
LaTeX Font Info:    Checking defaults for OT1/cmr/m/n on input line 85.
LaTeX Font Info:    ... okay on input line 85.
LaTeX Font Info:    Checking defaults for OMS/cmsy/m/n on input line 85.
LaTeX Font Info:    ... okay on input line 85.
LaTeX Font Info:    Checking defaults for OMX/cmex/m/n on input line 85.
LaTeX Font Info:    ... okay on input line 85.
LaTeX Font Info:    Checking defaults for U/cmr/m/n on input line 85.
LaTeX Font Info:    ... okay on input line 85.
LaTeX Font Info:    Checking defaults for TS1/cmr/m/n on input line 85.
LaTeX Font Info:    ... okay on input line 85.

Unknown journal: specify \journalname{<name of your journal>} in preambel


("C:\Users\Kong\AppData\Local\Programs\MiKTeX 2.9\tex\context\base\supp-pdf.mki
i"
[Loading MPS to PDF converter (version 2006.09.02).]
\scratchcounter=\count310
\scratchdimen=\dimen130
\scratchbox=\box35
\nofMPsegments=\count311
\nofMParguments=\count312
\everyMPshowfont=\toks23
\MPscratchCnt=\count313
\MPscratchDim=\dimen131
\MPnumerator=\count314
\makeMPintoPDFobject=\count315
\everyMPtoPDFconversion=\toks24
)
LaTeX Info: Redefining \celsius on input line 85.
Package gensymb Info: Faking symbols for \degree and \celsius on input line 85.



Package gensymb Warning: Not defining \perthousand.

LaTeX Info: Redefining \ohm on input line 85.
Package gensymb Info: Using \Omega for \ohm on input line 85.

Package gensymb Warning: Not defining \micro.

Package biblatex Info: No input encoding detected.
(biblatex)             Assuming 'ascii'.
Package biblatex Info: Automatic encoding selection.
(biblatex)             Assuming data encoding 'ascii'.
\openout3 = `template-blx.bib'.

Package biblatex Info: Trying to load bibliographic data...
Package biblatex Info: ... file 'template.bbl' found.
(template.bbl

Package biblatex Warning: BibTeX reported the following issues
(biblatex)                with 'Gautam2014':
(biblatex)                - Invalid format of field 'month'.


Package biblatex Warning: BibTeX reported the following issues
(biblatex)                with 'Ruffier2014':
(biblatex)                - Invalid format of field 'month'.


Package biblatex Warning: BibTeX reported the following issues
(biblatex)                with 'Saripalli2003':
(biblatex)                - Invalid format of field 'month'.

)
Package biblatex Info: Reference section=0 on input line 85.
Package biblatex Info: Reference segment=0 on input line 85.

SVJour3 warning: Missing \journalname
SVJour3 warning: Missing \institute
LaTeX Font Info:    Calculating math sizes for size <8.5> on input line 112.

LaTeX Font Warning: Font shape `OMX/cmex/m/n' in size <8.5> not available
(Font)              size <8> substituted on input line 112.

Missing character: There is no ‚ in font cmr10!
Missing character: There is no Ä in font cmr10!
Missing character: There is no ì in font cmr10!
Missing character: There is no ‚ in font cmr10!
Missing character: There is no Ä in font cmr10!
Missing character: There is no ì in font cmr10!
Missing character: There is no ‚ in font cmr10!
Missing character: There is no Ä in font cmr10!
Missing character: There is no ì in font cmr10!
Missing character: There is no ‚ in font cmr10!
Missing character: There is no Ä in font cmr10!
Missing character: There is no ì in font cmr10!
Missing character: There is no ‚ in font cmr10!
Missing character: There is no Ä in font cmr10!
Missing character: There is no ì in font cmr10!


pdfTeX warning: pdflatex.exe (file ./Figs/Fig04_GeneralSystem.pdf): PDF inclusi
on: found PDF version <1.6>, but at most version <1.5> allowed
<Figs/Fig04_GeneralSystem.pdf, id=1, 918.57578pt x 454.78476pt>
File: Figs/Fig04_GeneralSystem.pdf Graphic file (type pdf)

<use Figs/Fig04_GeneralSystem.pdf>
Package pdftex.def Info: Figs/Fig04_GeneralSystem.pdf used on input line 133.
(pdftex.def)             Requested size: 495.0pt x 245.07353pt.
 [1{C:/Users/Kong/AppData/Local/MiKTeX/2.9/pdftex/config/pdftex.map}


]
Missing character: There is no ¬ in font cmr10!
Missing character: There is no ∞ in font cmr10!

Overfull \hbox (0.17513pt too wide) in paragraph at lines 155--156
[]\OT1/cmr/m/n/10 Second, state-of-the-art im-age pro-cess-ing al-go-rithm-
 []


Overfull \hbox (3.39015pt too wide) in paragraph at lines 164--165
\OT1/cmr/m/n/10 OPAT-S([]RUAG, 2015), DT-ATLS([]Sierra Neva-da, 2015a)
 []



pdfTeX warning: pdflatex.exe (file ./Figs/07_OPATS.pdf): PDF inclusion: found P
DF version <1.6>, but at most version <1.5> allowed
<Figs/07_OPATS.pdf, id=11, 529.98pt x 283.81032pt>
File: Figs/07_OPATS.pdf Graphic file (type pdf)
 <use Figs/07_OPATS.pdf>
Package pdftex.def Info: Figs/07_OPATS.pdf used on input line 172.
(pdftex.def)             Requested size: 185.9648pt x 99.58464pt.


pdfTeX warning: pdflatex.exe (file ./Figs/08_DT_ALTS.pdf): PDF inclusion: found
 PDF version <1.6>, but at most version <1.5> allowed
<Figs/08_DT_ALTS.pdf, id=12, 277.035pt x 265.74281pt>
File: Figs/08_DT_ALTS.pdf Graphic file (type pdf)

<use Figs/08_DT_ALTS.pdf>
Package pdftex.def Info: Figs/08_DT_ALTS.pdf used on input line 177.
(pdftex.def)             Requested size: 59.3204pt x 56.9055pt.


pdfTeX warning: pdflatex.exe (file ./Figs/09_UCARS_V2.pdf): PDF inclusion: foun
d PDF version <1.6>, but at most version <1.5> allowed
<Figs/09_UCARS_V2.pdf, id=13, 286.06876pt x 339.51843pt>
File: Figs/09_UCARS_V2.pdf Graphic file (type pdf)

<use Figs/09_UCARS_V2.pdf>
Package pdftex.def Info: Figs/09_UCARS_V2.pdf used on input line 182.
(pdftex.def)             Requested size: 47.94572pt x 56.9055pt.

Overfull \hbox (1.84068pt too wide) in paragraph at lines 186--187
[]\OT1/cmr/m/n/10 The In-stru-men-t Land-ing Sys-tem (IL-S) is wide-ly used
 []

[2 <./Figs/Fig04_GeneralSystem.pdf>]
Overfull \hbox (3.36958pt too wide) in paragraph at lines 195--196
[]\OT1/cmr/m/n/10 An al-ter-na-tive to template-based method are optical-
 []


Overfull \hbox (4.4807pt too wide) in paragraph at lines 195--196
\OT1/cmr/m/n/10 flow-aided po-si-tion mea-sure-men-t sys-tem-s. This ap-proach
 []


Overfull \hbox (3.68901pt too wide) in paragraph at lines 195--196
\OT1/cmr/m/n/10 was in-spired by fly-ing in-sec-t nav-i-ga-tion s-trate-gies ([
]Green
 []

Missing character: There is no ‚ in font cmr10!
Missing character: There is no Ä in font cmr10!
Missing character: There is no ô in font cmr10!

Underfull \vbox (badness 2426) has occurred while \output is active []

 [3 <./Figs/07_OPATS.pdf> <./Figs/08_DT_ALTS.pdf> <./Figs/09_UCARS_V2.pdf>]
Overfull \hbox (0.39734pt too wide) in paragraph at lines 212--213
\OT1/cmr/m/n/10 While sev-er-al tech-niques have been ap-plied for on-board
 []


Underfull \vbox (badness 10000) has occurred while \output is active []

 [4]
<figs/chp03_vision_20_basic_stereo.pdf, id=88, 671.8724pt x 419.45267pt>
File: figs/chp03_vision_20_basic_stereo.pdf Graphic file (type pdf)

<use figs/chp03_vision_20_basic_stereo.pdf>
Package pdftex.def Info: figs/chp03_vision_20_basic_stereo.pdf used on input li
ne 276.
(pdftex.def)             Requested size: 247.5pt x 154.51662pt.

Overfull \hbox (8.53583pt too wide) in paragraph at lines 276--277
 [][] 
 []



pdfTeX warning: pdflatex.exe (file ./figs/Fig03_Stereo.pdf): PDF inclusion: fou
nd PDF version <1.6>, but at most version <1.5> allowed
<figs/Fig03_Stereo.pdf, id=89, 330.95746pt x 236.39818pt>
File: figs/Fig03_Stereo.pdf Graphic file (type pdf)

<use figs/Fig03_Stereo.pdf>
Package pdftex.def Info: figs/Fig03_Stereo.pdf used on input line 288.
(pdftex.def)             Requested size: 239.00629pt x 170.71652pt.

<Figs/chp03_vision_02_image_plane.pdf, id=90, 545.30023pt x 410.56726pt>
File: Figs/chp03_vision_02_image_plane.pdf Graphic file (type pdf)

<use Figs/chp03_vision_02_image_plane.pdf>
Package pdftex.def Info: Figs/chp03_vision_02_image_plane.pdf used on input lin
e 316.
(pdftex.def)             Requested size: 346.49849pt x 260.88899pt.
 [5 <./figs/chp03_vision_20_basic_stereo.pdf> <./figs/Fig03_Stereo.pdf

pdfTeX warning: pdflatex.exe (file ./figs/Fig03_Stereo.pdf): PDF inclusion: mul
tiple pdfs with page group included in a single page
>]
Overfull \hbox (1.00623pt too wide) in paragraph at lines 394--395
\OT1/cmr/m/n/10 Fig. 6(c)[] are the vec-tor field dis-tri-bu-tion of $\OMS/cmsy
/m/n/10 r[]\OT1/cmr/m/n/10 (\OML/cmm/m/it/10  [];  []\OT1/cmr/m/n/10 )$,
 []

[6 <./Figs/chp03_vision_02_image_plane.pdf>]
<Figs/chp03_vision_03_glide_3_x_with_theta_l_r.pdf, id=266, 421.575pt x 316.181
24pt>
File: Figs/chp03_vision_03_glide_3_x_with_theta_l_r.pdf Graphic file (type pdf)

 <use Figs/chp03_vision_03_glide_3_x_with_theta_l_r.pdf>
Package pdftex.def Info: Figs/chp03_vision_03_glide_3_x_with_theta_l_r.pdf used
 on input line 404.
(pdftex.def)             Requested size: 151.74757pt x 113.81102pt.

<Figs/chp03_vision_04_glide_3_y_with_theta_l_r.pdf, id=267, 421.575pt x 316.181
24pt>
File: Figs/chp03_vision_04_glide_3_y_with_theta_l_r.pdf Graphic file (type pdf)

 <use Figs/chp03_vision_04_glide_3_y_with_theta_l_r.pdf>
Package pdftex.def Info: Figs/chp03_vision_04_glide_3_y_with_theta_l_r.pdf used
 on input line 409.
(pdftex.def)             Requested size: 151.74757pt x 113.81102pt.

<Figs/chp03_vision_05_glide_3_z_with_theta_l_r.pdf, id=268, 421.575pt x 316.181
24pt>
File: Figs/chp03_vision_05_glide_3_z_with_theta_l_r.pdf Graphic file (type pdf)

 <use Figs/chp03_vision_05_glide_3_z_with_theta_l_r.pdf>
Package pdftex.def Info: Figs/chp03_vision_05_glide_3_z_with_theta_l_r.pdf used
 on input line 414.
(pdftex.def)             Requested size: 151.74757pt x 113.81102pt.

<Figs/chp03_vision_06_glide_3_x_with_theta_l_r_2_quadrant.pdf, id=269, 421.575p
t x 316.18124pt>
File: Figs/chp03_vision_06_glide_3_x_with_theta_l_r_2_quadrant.pdf Graphic file
 (type pdf)

<use Figs/chp03_vision_06_glide_3_x_with_theta_l_r_2_quadrant.pdf>
Package pdftex.def Info: Figs/chp03_vision_06_glide_3_x_with_theta_l_r_2_quadra
nt.pdf used on input line 424.
(pdftex.def)             Requested size: 151.74757pt x 113.81102pt.

<Figs/chp03_vision_08_glide_3_z_with_theta_l_r_2_quadrant.pdf, id=270, 421.575p
t x 316.18124pt>
File: Figs/chp03_vision_08_glide_3_z_with_theta_l_r_2_quadrant.pdf Graphic file
 (type pdf)

<use Figs/chp03_vision_08_glide_3_z_with_theta_l_r_2_quadrant.pdf>
Package pdftex.def Info: Figs/chp03_vision_08_glide_3_z_with_theta_l_r_2_quadra
nt.pdf used on input line 429.
(pdftex.def)             Requested size: 151.74757pt x 113.81102pt.
File: Figs/chp03_vision_06_glide_3_x_with_theta_l_r_2_quadrant.pdf Graphic file
 (type pdf)

<use Figs/chp03_vision_06_glide_3_x_with_theta_l_r_2_quadrant.pdf>
Package pdftex.def Info: Figs/chp03_vision_06_glide_3_x_with_theta_l_r_2_quadra
nt.pdf used on input line 434.
(pdftex.def)             Requested size: 151.74757pt x 113.81102pt.

<Figs/chp03_vision_10_glide_3_gradient_y_2_quadrant.pdf, id=271, 421.575pt x 31
6.18124pt>
File: Figs/chp03_vision_10_glide_3_gradient_y_2_quadrant.pdf Graphic file (type
 pdf)
 <use Figs/chp03_vision_10_glide_3_gradient_y_2_quadrant.pdf>
Package pdftex.def Info: Figs/chp03_vision_10_glide_3_gradient_y_2_quadrant.pdf
 used on input line 439.
(pdftex.def)             Requested size: 151.74757pt x 113.81102pt.

<Figs/chp03_vision_11_glide_3_gradient_z_2_quadrant.pdf, id=272, 421.575pt x 31
6.18124pt>
File: Figs/chp03_vision_11_glide_3_gradient_z_2_quadrant.pdf Graphic file (type
 pdf)
 <use Figs/chp03_vision_11_glide_3_gradient_z_2_quadrant.pdf>
Package pdftex.def Info: Figs/chp03_vision_11_glide_3_gradient_z_2_quadrant.pdf
 used on input line 444.
(pdftex.def)             Requested size: 151.74757pt x 113.81102pt.

<Figs/chp03_vision_09_glide_3_gradient_x_2_quadrant.pdf, id=273, 421.575pt x 31
6.18124pt>
File: Figs/chp03_vision_09_glide_3_gradient_x_2_quadrant.pdf Graphic file (type
 pdf)
 <use Figs/chp03_vision_09_glide_3_gradient_x_2_quadrant.pdf>
Package pdftex.def Info: Figs/chp03_vision_09_glide_3_gradient_x_2_quadrant.pdf
 used on input line 449.
(pdftex.def)             Requested size: 151.74757pt x 113.81102pt.

Overfull \hbox (7.80484pt too wide) in paragraph at lines 459--460
[]\OT1/cmr/m/n/10 (1) We set $(\OML/cmm/m/it/10 x[]; y[]; z[]\OT1/cmr/m/n/10 ) 
= (0\OML/cmm/m/it/10 ; \OT1/cmr/m/n/10 0\OML/cmm/m/it/10 ; \OT1/cmr/m/n/10 0)$ 
and $(\OML/cmm/m/it/10 x[]; y[]; z[]\OT1/cmr/m/n/10 ) =$
 []


Overfull \hbox (3.63005pt too wide) in paragraph at lines 580--580
[] 
 []


Overfull \hbox (2.95015pt too wide) detected at line 591
$[]$  
 []

[7]
Overfull \hbox (32.61197pt too wide) detected at line 601
$[]$  
 []

<Figs/Fig06_ErrorSurf2000.pdf, id=281, 1067.99pt x 338.26375pt>
File: Figs/Fig06_ErrorSurf2000.pdf Graphic file (type pdf)

<use Figs/Fig06_ErrorSurf2000.pdf>
Package pdftex.def Info: Figs/Fig06_ErrorSurf2000.pdf used on input line 630.
(pdftex.def)             Requested size: 495.0pt x 156.78001pt.
 [8 <./Figs/chp03_vision_03_glide_3_x_with_theta_l_r.pdf> <./Figs/chp03_vision_
04_glide_3_y_with_theta_l_r.pdf> <./Figs/chp03_vision_05_glide_3_z_with_theta_l
_r.pdf> <./Figs/chp03_vision_06_glide_3_x_with_theta_l_r_2_quadrant.pdf> <./Fig
s/chp03_vision_08_glide_3_z_with_theta_l_r_2_quadrant.pdf> <./Figs/chp03_vision
_10_glide_3_gradient_y_2_quadrant.pdf> <./Figs/chp03_vision_11_glide_3_gradient
_z_2_quadrant.pdf> <./Figs/chp03_vision_09_glide_3_gradient_x_2_quadrant.pdf>]
<Figs/Fig07_ErrorSurf200.pdf, id=2694, 1221.56375pt x 386.44376pt>
File: Figs/Fig07_ErrorSurf200.pdf Graphic file (type pdf)

<use Figs/Fig07_ErrorSurf200.pdf>
Package pdftex.def Info: Figs/Fig07_ErrorSurf200.pdf used on input line 637.
(pdftex.def)             Requested size: 495.0pt x 156.5973pt.

Overfull \hbox (5.8733pt too wide) in paragraph at lines 667--669
\OT1/cmr/m/n/10 where $\OML/cmm/m/it/10 w[]$ \OT1/cmr/m/n/10 and $\OML/cmm/m/it
/10 w[]$ \OT1/cmr/m/n/10 are size of im-age plane in pix-el, $\OML/cmm/m/it/10 
[]$
 []

<Figs/sci01_tracking_framework.pdf, id=2695, 671.47763pt x 228.3491pt>
File: Figs/sci01_tracking_framework.pdf Graphic file (type pdf)

<use Figs/sci01_tracking_framework.pdf>
Package pdftex.def Info: Figs/sci01_tracking_framework.pdf used on input line 6
82.
(pdftex.def)             Requested size: 495.0pt x 168.33456pt.

Overfull \hbox (5.61852pt too wide) in paragraph at lines 688--689
\OT1/cmr/m/n/10 TLD is an adap-tive tracking-by-learning ap-proach, which
 []

<Figs/01_TLD_Code.pdf, id=2696, 646.68102pt x 285.90012pt>
File: Figs/01_TLD_Code.pdf Graphic file (type pdf)

<use Figs/01_TLD_Code.pdf>
Package pdftex.def Info: Figs/01_TLD_Code.pdf used on input line 704.
(pdftex.def)             Requested size: 247.5pt x 109.4197pt.

Overfull \hbox (8.53583pt too wide) in paragraph at lines 704--705
 [][] 
 []

Missing character: There is no Ô in font cmr8!
Missing character: There is no ¨ in font cmr8!
Missing character: There is no Å in font cmr8!
Missing character: There is no Ô in font cmr8!
Missing character: There is no ¨ in font cmr8!
Missing character: There is no Å in font cmr8!
<Figs/chp04_07_active_contour_demo.pdf, id=2697, 809.18307pt x 293.77754pt>
File: Figs/chp04_07_active_contour_demo.pdf Graphic file (type pdf)

<use Figs/chp04_07_active_contour_demo.pdf>
Package pdftex.def Info: Figs/chp04_07_active_contour_demo.pdf used on input li
ne 715.
(pdftex.def)             Requested size: 247.5pt x 89.85529pt.

Overfull \hbox (8.53583pt too wide) in paragraph at lines 715--716
 [][] 
 []

[9]
Underfull \vbox (badness 10000) has occurred while \output is active []


Overfull \vbox (10.08095pt too high) has occurred while \output is active []


[10 <./Figs/Fig06_ErrorSurf2000.pdf> <./Figs/Fig07_ErrorSurf200.pdf> <./Figs/sc
i01_tracking_framework.pdf>]
<Figs/Kaituozhe_Our.pdf, id=2735, 305.39195pt x 146.19217pt>
File: Figs/Kaituozhe_Our.pdf Graphic file (type pdf)

<use Figs/Kaituozhe_Our.pdf>
Package pdftex.def Info: Figs/Kaituozhe_Our.pdf used on input line 734.
(pdftex.def)             Requested size: 199.16928pt x 95.34276pt.

<Figs/iFly_F1A.pdf, id=2736, 192.72pt x 197.2971pt>
File: Figs/iFly_F1A.pdf Graphic file (type pdf)
 <use Figs/iFly_F1A.pdf>
Package pdftex.def Info: Figs/iFly_F1A.pdf used on input line 768.
(pdftex.def)             Requested size: 83.37965pt x 85.35826pt.

<Figs/iFly_G2.pdf, id=2737, 145.02179pt x 135.3858pt>
File: Figs/iFly_G2.pdf Graphic file (type pdf)
 <use Figs/iFly_G2.pdf>
Package pdftex.def Info: Figs/iFly_G2.pdf used on input line 773.
(pdftex.def)             Requested size: 91.43501pt x 85.35826pt.

Overfull \hbox (1.3129pt too wide) in paragraph at lines 781--782
\OT1/cmr/m/n/10 The sen-sor of this cam-er-a is Sony ICX445AQA e-quipped
 []


Overfull \hbox (1.0363pt too wide) in paragraph at lines 783--784
\OT1/cmr/m/n/10 com-mand in-ter-face sup-port-s ad-vanced ap-pli-ca-tion-s such

 []


Overfull \hbox (12.3974pt too wide) in paragraph at lines 785--786
[]\OT1/cmr/m/n/10 The ground s-ta-tion is main-ly con-sti-tut-ed by ADLINK's
 []

[11 <./Figs/01_TLD_Code.pdf> <./Figs/chp04_07_active_contour_demo.pdf> <./Figs/
Kaituozhe_Our.pdf> <./Figs/iFly_F1A.pdf> <./Figs/iFly_G2.pdf>]
<Figs/CameraOnly.pdf, id=2799, 686.565pt x 345.29pt>
File: Figs/CameraOnly.pdf Graphic file (type pdf)
 <use Figs/CameraOnly.pdf>
Package pdftex.def Info: Figs/CameraOnly.pdf used on input line 793.
(pdftex.def)             Requested size: 90.51372pt x 45.52458pt.

<Figs/PTU_D300E.pdf, id=2800, 301.125pt x 234.8775pt>
File: Figs/PTU_D300E.pdf Graphic file (type pdf)
 <use Figs/PTU_D300E.pdf>
Package pdftex.def Info: Figs/PTU_D300E.pdf used on input line 798.
(pdftex.def)             Requested size: 94.84108pt x 73.97733pt.

<Figs/PTUwithCamera.pdf, id=2801, 284.59323pt x 355.3275pt>
File: Figs/PTUwithCamera.pdf Graphic file (type pdf)

<use Figs/PTUwithCamera.pdf>
Package pdftex.def Info: Figs/PTUwithCamera.pdf used on input line 808.
(pdftex.def)             Requested size: 91.15419pt x 113.81102pt.

<Figs/SystemOutsideRealPic.pdf, id=2802, 483.3558pt x 357.335pt>
File: Figs/SystemOutsideRealPic.pdf Graphic file (type pdf)

<use Figs/SystemOutsideRealPic.pdf>
Package pdftex.def Info: Figs/SystemOutsideRealPic.pdf used on input line 813.
(pdftex.def)             Requested size: 153.94684pt x 113.81102pt.

Overfull \hbox (2.25851pt too wide) in paragraph at lines 820--822
\OT1/cmr/m/n/10 Communication is cur-cial in the land-ing guid-ance frame-
 []

<Figs/SystemStructure.pdf, id=2803, 522.82228pt x 305.77939pt>
File: Figs/SystemStructure.pdf Graphic file (type pdf)

<use Figs/SystemStructure.pdf>
Package pdftex.def Info: Figs/SystemStructure.pdf used on input line 827.
(pdftex.def)             Requested size: 247.5pt x 144.75214pt.

Overfull \hbox (8.53583pt too wide) in paragraph at lines 827--828
 [][] 
 []


Overfull \hbox (2.92513pt too wide) in paragraph at lines 838--843
[]\OT1/cmr/m/n/10 Our vi-sion sys-tem-s us-es cus-tomized vi-sion al-go-rithm-
 []


LaTeX Warning: No positions in optional float specifier.
               Default added (so using `tbp') on input line 850.

[12 <./Figs/CameraOnly.pdf> <./Figs/PTU_D300E.pdf> <./Figs/PTUwithCamera.pdf> <
./Figs/SystemOutsideRealPic.pdf> <./Figs/SystemStructure.pdf>]
<Figs/chp04_24_random_semi_random_monte_carlo.pdf, id=2924, 724.7075pt x 319.19
25pt>
File: Figs/chp04_24_random_semi_random_monte_carlo.pdf Graphic file (type pdf)
 <use Figs/chp04_24_random_semi_random_monte_carlo.pdf>
Package pdftex.def Info: Figs/chp04_24_random_semi_random_monte_carlo.pdf used 
on input line 866.
(pdftex.def)             Requested size: 247.5pt x 109.00618pt.

Overfull \hbox (8.53583pt too wide) in paragraph at lines 866--867
 [][] 
 []


LaTeX Warning: No positions in optional float specifier.
               Default added (so using `tbp') on input line 872.



pdfTeX warning: pdflatex.exe (file ./Figs/chp08_23_ground_landing.pdf): PDF inc
lusion: found PDF version <1.6>, but at most version <1.5> allowed
<Figs/chp08_23_ground_landing.pdf, id=2925, 734.26321pt x 791.89853pt>
File: Figs/chp08_23_ground_landing.pdf Graphic file (type pdf)

<use Figs/chp08_23_ground_landing.pdf>
Package pdftex.def Info: Figs/chp08_23_ground_landing.pdf used on input line 91
7.
(pdftex.def)             Requested size: 495.0pt x 533.85594pt.


pdfTeX warning: pdflatex.exe (file ./Figs/chp08_21_river_landing.pdf): PDF incl
usion: found PDF version <1.6>, but at most version <1.5> allowed
<Figs/chp08_21_river_landing.pdf, id=2926, 758.835pt x 868.94939pt>
File: Figs/chp08_21_river_landing.pdf Graphic file (type pdf)

<use Figs/chp08_21_river_landing.pdf>
Package pdftex.def Info: Figs/chp08_21_river_landing.pdf used on input line 975
.
(pdftex.def)             Requested size: 495.0pt x 566.83905pt.

<Figs/chp08_16_ship_ptus.pdf, id=2927, 827.80244pt x 393.03055pt>
File: Figs/chp08_16_ship_ptus.pdf Graphic file (type pdf)

<use Figs/chp08_16_ship_ptus.pdf>
Package pdftex.def Info: Figs/chp08_16_ship_ptus.pdf used on input line 983.
(pdftex.def)             Requested size: 495.0pt x 235.02252pt.
Missing character: There is no ‚ in font cmti10!
Missing character: There is no Ä in font cmti10!
Missing character: There is no ì in font cmti10!

Overfull \hbox (8.32835pt too wide) in paragraph at lines 1061--1061
\OT1/cmr/m/sc/10 url\OT1/cmr/m/n/10 : $\OT1/cmtt/m/n/10 http : / / www . dlr . 
de / dlr / en / desktopdefault .$
 []


Overfull \hbox (1.98071pt too wide) in paragraph at lines 1061--1061
\OT1/cmr/m/n/10 and Re-cov-ery of an Un-manned Ro-tor-craft from Ship-
 []


Overfull \hbox (7.56255pt too wide) in paragraph at lines 1061--1061
[][]\OT1/cmr/m/n/10 Gautam, Alvi-ka, P.B. Su-jit, and S-rikanth Sari-pal-li (20
14).
 []


Overfull \hbox (16.03629pt too wide) in paragraph at lines 1061--1061
\OT1/cmr/m/n/10 ``A sur-vey of au-tonomous land-ing tech-niques for UAVs''.
 []


Overfull \hbox (4.30109pt too wide) in paragraph at lines 1061--1061
\OT1/cmr/m/n/10 In: \OT1/cmr/m/it/10 2014 In-ter-na-tion-al Con-fer-ence on Un-
manned Air-
 []

[13 <./Figs/chp04_24_random_semi_random_monte_carlo.pdf>]
Overfull \hbox (2.86993pt too wide) in paragraph at lines 1061--1061
\OT1/cmr/m/n/10 tem-s(Book)''. In: \OT1/cmr/m/it/10 En-gle-wood Cliff-s, N-J, P
ren-tice Hal-
 []

[14]
Missing character: There is no ‚ in font cmr10!
Missing character: There is no Ä in font cmr10!
Missing character: There is no ê in font cmr10!
 [15 <./Figs/chp08_23_ground_landing.pdf>]
Overfull \hbox (5.92584pt too wide) in paragraph at lines 1061--1061
[][]\OT1/cmr/m/n/10 Saripalli, S-rikanth, J.F. Mont-gomery, and G.S. Sukhatme
 []

[16 <./Figs/chp08_21_river_landing.pdf>]
Overfull \hbox (3.30602pt too wide) in paragraph at lines 1061--1061
\OT1/cmr/m/n/10 May. IEEE, p-p. 2793{2798. \OT1/cmr/m/sc/10 is-b-n\OT1/cmr/m/n/
10 : 0-7803-7272-7. \OT1/cmr/m/sc/10 doi\OT1/cmr/m/n/10 :
 []


Overfull \hbox (6.74294pt too wide) in paragraph at lines 1061--1061
[][]\OT1/cmr/m/n/10 Wang, Wei et al. (2006). ``Au-tonomous Con-trol for Micro-
 []


Overfull \hbox (1.48071pt too wide) in paragraph at lines 1061--1061
\OT1/cmr/m/n/10 Flying Robot and S-mal-l Wire-less He-li-copter X.R.B''.
 []

[17 <./Figs/chp08_16_ship_ptus.pdf>] (template.aux)

LaTeX Font Warning: Size substitutions with differences
(Font)              up to 0.5pt have occurred.

Package logreq Info: Writing requests to 'template.run.xml'.
\openout1 = `template.run.xml'.

 ) 
Here is how much of TeX's memory you used:
 8347 strings out of 495255
 139183 string characters out of 3181066
 315962 words of memory out of 3000000
 11481 multiletter control sequences out of 15000+200000
 10735 words of font info for 39 fonts, out of 3000000 for 9000
 14 hyphenation exceptions out of 8191
 42i,16n,53p,1665b,922s stack positions out of 5000i,500n,10000p,200000b,50000s
<C:/Users/Kong/AppData/Local/Programs/MiKTeX 2.9/fonts/type1/public/amsfonts/
cm/cmbx10.pfb><C:/Users/Kong/AppData/Local/Programs/MiKTeX 2.9/fonts/type1/publ
ic/amsfonts/cm/cmbx12.pfb><C:/Users/Kong/AppData/Local/Programs/MiKTeX 2.9/font
s/type1/public/amsfonts/cm/cmbx8.pfb><C:/Users/Kong/AppData/Local/Programs/MiKT
eX 2.9/fonts/type1/public/amsfonts/cm/cmcsc10.pfb><C:/Users/Kong/AppData/Local/
Programs/MiKTeX 2.9/fonts/type1/public/amsfonts/cm/cmex10.pfb><C:/Users/Kong/Ap
pData/Local/Programs/MiKTeX 2.9/fonts/type1/public/amsfonts/cmextra/cmex8.pfb><
C:/Users/Kong/AppData/Local/Programs/MiKTeX 2.9/fonts/type1/public/amsfonts/cm/
cmmi10.pfb><C:/Users/Kong/AppData/Local/Programs/MiKTeX 2.9/fonts/type1/public/
amsfonts/cm/cmmi5.pfb><C:/Users/Kong/AppData/Local/Programs/MiKTeX 2.9/fonts/ty
pe1/public/amsfonts/cm/cmmi7.pfb><C:/Users/Kong/AppData/Local/Programs/MiKTeX 2
.9/fonts/type1/public/amsfonts/cm/cmmi8.pfb><C:/Users/Kong/AppData/Local/Progra
ms/MiKTeX 2.9/fonts/type1/public/amsfonts/cm/cmr10.pfb><C:/Users/Kong/AppData/L
ocal/Programs/MiKTeX 2.9/fonts/type1/public/amsfonts/cm/cmr5.pfb><C:/Users/Kong
/AppData/Local/Programs/MiKTeX 2.9/fonts/type1/public/amsfonts/cm/cmr7.pfb><C:/
Users/Kong/AppData/Local/Programs/MiKTeX 2.9/fonts/type1/public/amsfonts/cm/cmr
8.pfb><C:/Users/Kong/AppData/Local/Programs/MiKTeX 2.9/fonts/type1/public/amsfo
nts/cm/cmsy10.pfb><C:/Users/Kong/AppData/Local/Programs/MiKTeX 2.9/fonts/type1/
public/amsfonts/cm/cmsy7.pfb><C:/Users/Kong/AppData/Local/Programs/MiKTeX 2.9/f
onts/type1/public/amsfonts/cm/cmsy8.pfb><C:/Users/Kong/AppData/Local/Programs/M
iKTeX 2.9/fonts/type1/public/amsfonts/cm/cmti10.pfb><C:/Users/Kong/AppData/Loca
l/Programs/MiKTeX 2.9/fonts/type1/public/amsfonts/cm/cmtt10.pfb>
Output written on template.pdf (17 pages, 6600513 bytes).
PDF statistics:
 3120 PDF objects out of 3580 (max. 8388607)
 0 named destinations out of 1000 (max. 500000)
 161 words of extra memory for PDF output out of 10000 (max. 10000000)

